<?xml version="1.0" encoding="UTF-8"?>
<!-- Generated by org.testng.reporters.JUnitReportReporter -->
<testsuite hostname="LAPTOP-KNN2HC50" failures="0" tests="1" name="test_loginpage.LoginPageCompTest" time="6.718" errors="0" timestamp="2024-09-26T19:18:19 EEST" skipped="0">
  <testcase classname="test_loginpage.LoginPageCompTest" name="CheckLoginPageOpened" time="6.718"/>
</testsuite> <!-- test_loginpage.LoginPageCompTest -->
