<?xml version="1.0" encoding="UTF-8"?>
<!-- Generated by org.testng.reporters.JUnitReportReporter -->
<testsuite hostname="LAPTOP-KNN2HC50" failures="0" tests="1" name="test_CheckoutComplete.CheckoutCompleteCompTest" time="8.225" errors="0" timestamp="2024-09-19T19:18:26 EEST" skipped="0">
  <testcase classname="test_CheckoutComplete.CheckoutCompleteCompTest" name="checkOrderConfirmation" time="8.225"/>
</testsuite> <!-- test_CheckoutComplete.CheckoutCompleteCompTest -->
