<?xml version="1.0" encoding="UTF-8"?>
<!-- Generated by org.testng.reporters.JUnitReportReporter -->
<testsuite hostname="LAPTOP-KNN2HC50" failures="0" tests="1" name="test_homePage.HomePageCompTest" time="9.040" errors="0" timestamp="2024-09-24T19:49:17 EEST" skipped="0">
  <testcase classname="test_homePage.HomePageCompTest" name="CheckIfSpecificThreeItemsAreAddedToCart" time="9.040"/>
</testsuite> <!-- test_homePage.HomePageCompTest -->
