<?xml version="1.0" encoding="UTF-8"?>
<!-- Generated by org.testng.reporters.JUnitReportReporter -->
<testsuite hostname="LAPTOP-KNN2HC50" failures="0" tests="1" name="test_Footer.FooterCompTest" time="11.302" errors="0" timestamp="2024-09-24T19:51:53 EEST" skipped="0">
  <testcase classname="test_Footer.FooterCompTest" name="CheckFooterLinksTest" time="11.302"/>
</testsuite> <!-- test_Footer.FooterCompTest -->
