<?xml version="1.0" encoding="UTF-8"?>
<!-- Generated by org.testng.reporters.JUnitReportReporter -->
<testsuite hostname="LAPTOP-KNN2HC50" failures="0" tests="1" name="test_CheckoutPage.CheckoutPageCompTest" time="7.875" errors="0" timestamp="2024-09-24T18:25:21 EEST" skipped="0">
  <testcase classname="test_CheckoutPage.CheckoutPageCompTest" name="checkProceedToCheckoutOverviewUsingExcel" time="7.875"/>
</testsuite> <!-- test_CheckoutPage.CheckoutPageCompTest -->
