<?xml version="1.0" encoding="UTF-8"?>
<!-- Generated by org.testng.reporters.JUnitReportReporter -->
<testsuite hostname="LAPTOP-KNN2HC50" failures="0" tests="1" name="test_ItemPage.itemPageCompTest" time="5.531" errors="0" timestamp="2024-09-24T00:17:25 EEST" skipped="0">
  <testcase classname="test_ItemPage.itemPageCompTest" name="checkBackToProductsBtnFunctionallity" time="5.531"/>
</testsuite> <!-- test_ItemPage.itemPageCompTest -->
