<?xml version="1.0" encoding="UTF-8"?>
<!-- Generated by org.testng.reporters.JUnitReportReporter -->
<testsuite hostname="LAPTOP-KNN2HC50" failures="0" tests="1" name="test_loginpage.LoginPageCompTest" time="8.251" errors="0" timestamp="2024-09-22T23:43:37 EEST" skipped="0">
  <testcase classname="test_loginpage.LoginPageCompTest" name="CheckTheLoginWithcONFIGfILE" time="8.251"/>
</testsuite> <!-- test_loginpage.LoginPageCompTest -->
