<?xml version="1.0" encoding="UTF-8"?>
<!-- Generated by org.testng.reporters.JUnitReportReporter -->
<testsuite hostname="LAPTOP-KNN2HC50" failures="0" tests="1" name="LoginPageSwagLab" time="0.136" errors="0" timestamp="2024-08-31T18:02:05 EEST" skipped="0">
  <testcase classname="LoginPageSwagLab" name="verifyPageElements" time="0.136"/>
</testsuite> <!-- LoginPageSwagLab -->
