<?xml version="1.0" encoding="UTF-8"?>
<!-- Generated by org.testng.reporters.JUnitReportReporter -->
<testsuite hostname="LAPTOP-KNN2HC50" failures="0" tests="1" name="test_sidebar.sidebarCompTest" time="3.278" errors="0" timestamp="2024-09-22T02:13:41 EEST" skipped="0">
  <testcase classname="test_sidebar.sidebarCompTest" name="CheckSidebarMenuOptions" time="3.278"/>
</testsuite> <!-- test_sidebar.sidebarCompTest -->
