<?xml version="1.0" encoding="UTF-8"?>
<!-- Generated by org.testng.reporters.JUnitReportReporter -->
<testsuite hostname="LAPTOP-KNN2HC50" failures="0" tests="1" name="contextMenu" time="0.314" errors="0" timestamp="2024-08-29T18:31:01 EEST" skipped="0">
  <testcase classname="contextMenu" name="contxtMenu" time="0.314"/>
</testsuite> <!-- contextMenu -->
