<?xml version="1.0" encoding="UTF-8"?>
<!-- Generated by org.testng.reporters.JUnitReportReporter -->
<testsuite hostname="LAPTOP-KNN2HC50" failures="0" tests="1" name="test_cartPage.cartPageCompTest" time="13.393" errors="0" timestamp="2024-09-19T16:44:35 EEST" skipped="0">
  <testcase classname="test_cartPage.cartPageCompTest" name="proceeddToCheckout" time="13.393"/>
</testsuite> <!-- test_cartPage.cartPageCompTest -->
