<?xml version="1.0" encoding="UTF-8"?>
<!-- Generated by org.testng.reporters.JUnitReportReporter -->
<testsuite hostname="LAPTOP-KNN2HC50" failures="0" tests="1" name="test_CheckoutPage.CheckoutPageCompTest" time="8.739" errors="0" timestamp="2024-09-19T17:13:45 EEST" skipped="0">
  <testcase classname="test_CheckoutPage.CheckoutPageCompTest" name="checkProceedToCheckoutOverview" time="8.739"/>
</testsuite> <!-- test_CheckoutPage.CheckoutPageCompTest -->
