<?xml version="1.0" encoding="UTF-8"?>
<!-- Generated by org.testng.reporters.JUnitReportReporter -->
<testsuite hostname="LAPTOP-KNN2HC50" failures="0" tests="1" name="test_header.headerTest" time="3.766" errors="0" timestamp="2024-09-17T15:26:38 EEST" skipped="0">
  <testcase classname="test_header.headerTest" name="CheckHeaderNavigation" time="3.766"/>
</testsuite> <!-- test_header.headerTest -->
