<?xml version="1.0" encoding="UTF-8"?>
<!-- Generated by org.testng.reporters.JUnitReportReporter -->
<testsuite hostname="LAPTOP-KNN2HC50" failures="0" tests="1" name="DataTables" time="0.801" errors="0" timestamp="2024-08-24T18:40:03 EEST" skipped="0">
  <testcase classname="DataTables" name="WebTable2" time="0.801"/>
</testsuite> <!-- DataTables -->
