<?xml version="1.0" encoding="UTF-8"?>
<!-- Generated by org.testng.reporters.JUnitReportReporter -->
<testsuite hostname="LAPTOP-KNN2HC50" failures="0" tests="1" name="checkFrame" time="0.104" errors="0" timestamp="2024-08-29T17:50:47 EEST" skipped="0">
  <testcase classname="checkFrame" name="CheckFrame" time="0.104"/>
</testsuite> <!-- checkFrame -->
