<?xml version="1.0" encoding="UTF-8"?>
<!-- Generated by org.testng.reporters.JUnitReportReporter -->
<testsuite hostname="LAPTOP-KNN2HC50" failures="0" tests="1" name="cookies" time="0.426" errors="0" timestamp="2024-08-29T17:43:05 EEST" skipped="0">
  <testcase classname="cookies" name="checkCookies" time="0.426"/>
</testsuite> <!-- cookies -->
