<?xml version="1.0" encoding="UTF-8"?>
<!-- Generated by org.testng.reporters.JUnitReportReporter -->
<testsuite hostname="LAPTOP-KNN2HC50" failures="0" tests="1" name="test_homePage.HomePageCompTest" time="5.388" errors="0" timestamp="2024-09-23T02:26:24 EEST" skipped="0">
  <testcase classname="test_homePage.HomePageCompTest" name="testIfProductSortAndValidation" time="5.388"/>
</testsuite> <!-- test_homePage.HomePageCompTest -->
