<?xml version="1.0" encoding="UTF-8"?>
<!-- Generated by org.testng.reporters.JUnitReportReporter -->
<testsuite hostname="LAPTOP-KNN2HC50" failures="0" tests="1" name="test_CheckoutOverview.CheckoutOverviewCompTest" time="8.594" errors="0" timestamp="2024-09-19T19:19:27 EEST" skipped="0">
  <testcase classname="test_CheckoutOverview.CheckoutOverviewCompTest" name="checkFinishCheckout" time="8.594"/>
</testsuite> <!-- test_CheckoutOverview.CheckoutOverviewCompTest -->
