<?xml version="1.0" encoding="UTF-8"?>
<!-- Generated by org.testng.reporters.JUnitReportReporter -->
<testsuite hostname="LAPTOP-KNN2HC50" failures="0" tests="1" name="facebook.FacebookLoginTest" time="7.055" errors="0" timestamp="2024-09-30T18:33:10 EEST" skipped="0">
  <testcase classname="facebook.FacebookLoginTest" name="testFacebookLogin" time="7.055"/>
</testsuite> <!-- facebook.FacebookLoginTest -->
